2학기/앱 개발/app/build/outputs/logs/manifest-merger-debug-report.txt
-- Merging decision tree log ---
manifest
ADDED from src\main\AndroidManifest.xml:2:1-137:12
INJECTED from src\main\AndroidManifest.xml:2:1-137:12
INJECTED from src\main\AndroidManifest.xml:2:1-137:12
INJECTED from src\main\AndroidManifest.xml:2:1-137:12
MERGED from [androidx.databinding:databinding-adapters:8.1.2] AndroidManifest.xml:2:1-7:12
MERGED from [androidx.databinding:databinding-ktx:8.1.2] AndroidManifest.xml:2:1-7:12
MERGED from [androidx.databinding:databinding-runtime:8.1.2] AndroidManifest.xml:2:1-7:12
MERGED from [androidx.navigation:navigation-common:2.7.4] AndroidManifest.xml:17:1-22:12
MERGED from [androidx.navigation:navigation-fragment:2.7.4] AndroidManifest.xml:17:1-22:12
MERGED from [androidx.navigation:navigation-runtime:2.7.4] AndroidManifest.xml:17:1-22:12
MERGED from [androidx.navigation:navigation-ui:2.7.4] AndroidManifest.xml:17:1-22:12
MERGED from [com.google.android.material:material:1.10.0] AndroidManifest.xml:17:1-24:12
MERGED from [androidx.room:room-runtime:2.6.0] AndroidManifest.xml:17:1-31:12
MERGED from [com.google.firebase:firebase-messaging:23.3.1] AndroidManifest.xml:17:1-66:12
MERGED from [com.google.firebase:firebase-analytics:21.5.0] AndroidManifest.xml:2:1-9:12
MERGED from [com.google.android.gms:play-services-measurement-api:21.5.0] AndroidManifest.xml:17:1-43:12
MERGED from [com.google.firebase:firebase-installations:17.2.0] AndroidManifest.xml:2:1-24:12
MERGED from [com.google.firebase:firebase-common-ktx:20.4.2] AndroidManifest.xml:2:1-18:12
MERGED from [androidx.compose.material3:material3:1.0.0] AndroidManifest.xml:17:1-22:12
MERGED from [androidx.compose.material:material-ripple:1.4.0] AndroidManifest.xml:17:1-22:12
MERGED from [androidx.compose.material:material-icons-core:1.4.0] AndroidManifest.xml:17:1-22:12
MERGED from [androidx.compose.material:material:1.4.0] AndroidManifest.xml:17:1-22:12
MERGED from [androidx.compose.animation:animation-core:1.4.0] AndroidManifest.xml:17:1-22:12
MERGED from [androidx.compose.animation:animation:1.4.0] AndroidManifest.xml:17:1-22:12
MERGED from [androidx.compose.foundation:foundation-layout:1.4.0] AndroidManifest.xml:17:1-22:12
MERGED from [androidx.compose.foundation:foundation:1.4.0] AndroidManifest.xml:17:1-22:12
MERGED from [androidx.compose.ui:ui-tooling-data:1.4.0] AndroidManifest.xml:17:1-22:12
MERGED from [androidx.compose.ui:ui-unit:1.4.0] AndroidManifest.xml:17:1-22:12
MERGED from [androidx.compose.ui:ui-geometry:1.4.0] AndroidManifest.xml:17:1-22:12
MERGED from [androidx.compose.ui:ui-util:1.4.0] AndroidManifest.xml:17:1-22:12
MERGED from [androidx.compose.ui:ui-text:1.4.0] AndroidManifest.xml:17:1-22:12
MERGED from [androidx.compose.ui:ui-tooling-preview:1.4.0] AndroidManifest.xml:17:1-22:12
MERGED from [androidx.compose.ui:ui-test-manifest:1.4.0] AndroidManifest.xml:17:1-28:12
MERGED from [androidx.compose.ui:ui-graphics:1.4.0] AndroidManifest.xml:17:1-22:12
MERGED from [androidx.compose.ui:ui-tooling:1.4.0] AndroidManifest.xml:17:1-28:12
MERGED from [androidx.constraintlayout:constraintlayout:2.1.4] AndroidManifest.xml:2:1-11:12
MERGED from [androidx.appcompat:appcompat-resources:1.6.1] AndroidManifest.xml:17:1-22:12
MERGED from [androidx.appcompat:appcompat:1.6.1] AndroidManifest.xml:17:1-22:12
MERGED from [androidx.viewpager2:viewpager2:1.0.0] AndroidManifest.xml:17:1-24:12
MERGED from [androidx.fragment:fragment-ktx:1.6.0] AndroidManifest.xml:17:1-22:12
MERGED from [com.journeyapps:zxing-android-embedded:4.1.0] AndroidManifest.xml:17:1-56:12
MERGED from [androidx.legacy:legacy-support-v4:1.0.0] AndroidManifest.xml:17:1-22:12
MERGED from [com.google.android.gms:play-services-measurement:21.5.0] AndroidManifest.xml:17:1-46:12
MERGED from [com.google.android.gms:play-services-measurement-sdk:21.5.0] AndroidManifest.xml:17:1-25:12
MERGED from [com.google.firebase:firebase-iid-interop:17.1.0] AndroidManifest.xml:2:1-10:12
MERGED from [com.google.android.gms:play-services-base:18.0.1] AndroidManifest.xml:16:1-24:12
MERGED from [com.google.android.gms:play-services-cloud-messaging:17.0.1] AndroidManifest.xml:2:1-13:12
MERGED from [com.google.android.gms:play-services-measurement-impl:21.5.0] AndroidManifest.xml:17:1-32:12
MERGED from [com.google.android.gms:play-services-stats:17.0.2] AndroidManifest.xml:2:1-9:12
MERGED from [com.google.firebase:firebase-measurement-connector:19.0.0] AndroidManifest.xml:17:1-25:12
MERGED from [com.google.firebase:firebase-common:20.4.2] AndroidManifest.xml:15:1-41:12
MERGED from [com.google.android.gms:play-services-ads-identifier:18.0.0] AndroidManifest.xml:17:1-27:12
MERGED from [com.google.android.gms:play-services-measurement-sdk-api:21.5.0] AndroidManifest.xml:17:1-30:12
MERGED from [com.google.android.gms:play-services-measurement-base:21.5.0] AndroidManifest.xml:2:1-9:12
MERGED from [com.google.firebase:firebase-installations-interop:17.1.1] AndroidManifest.xml:15:1-19:12
MERGED from [androidx.customview:customview-poolingcontainer:1.0.0] AndroidManifest.xml:17:1-23:12
MERGED from [androidx.lifecycle:lifecycle-livedata-core-ktx:2.6.2] AndroidManifest.xml:17:1-22:12
MERGED from [androidx.lifecycle:lifecycle-livedata-core:2.6.2] AndroidManifest.xml:17:1-22:12
MERGED from [androidx.savedstate:savedstate-ktx:1.2.1] AndroidManifest.xml:17:1-22:12
MERGED from [androidx.savedstate:savedstate:1.2.1] AndroidManifest.xml:17:1-22:12
MERGED from [androidx.lifecycle:lifecycle-viewmodel-ktx:2.6.2] AndroidManifest.xml:17:1-22:12
MERGED from [androidx.lifecycle:lifecycle-service:2.6.2] AndroidManifest.xml:17:1-22:12
MERGED from [androidx.emoji2:emoji2-views-helper:1.3.0] AndroidManifest.xml:2:1-7:12
MERGED from [androidx.emoji2:emoji2:1.3.0] AndroidManifest.xml:17:1-35:12
MERGED from [androidx.lifecycle:lifecycle-process:2.6.2] AndroidManifest.xml:17:1-35:12
MERGED from [androidx.dynamicanimation:dynamicanimation:1.0.0] AndroidManifest.xml:17:1-22:12
MERGED from [androidx.legacy:legacy-support-core-ui:1.0.0] AndroidManifest.xml:17:1-22:12
MERGED from [androidx.legacy:legacy-support-core-utils:1.0.0] AndroidManifest.xml:17:1-22:12
MERGED from [androidx.loader:loader:1.0.0] AndroidManifest.xml:17:1-22:12
MERGED from [androidx.lifecycle:lifecycle-livedata:2.6.2] AndroidManifest.xml:17:1-22:12
MERGED from [androidx.lifecycle:lifecycle-viewmodel:2.6.2] AndroidManifest.xml:17:1-22:12
MERGED from [androidx.lifecycle:lifecycle-viewmodel-savedstate:2.6.2] AndroidManifest.xml:17:1-22:12
MERGED from [androidx.privacysandbox.ads:ads-adservices-java:1.0.0-beta05] AndroidManifest.xml:2:1-7:12
MERGED from [androidx.privacysandbox.ads:ads-adservices:1.0.0-beta05] AndroidManifest.xml:17:1-28:12
MERGED from [androidx.core:core-ktx:1.9.0] AndroidManifest.xml:2:1-7:12
MERGED from [androidx.drawerlayout:drawerlayout:1.1.1] AndroidManifest.xml:17:1-24:12
MERGED from [androidx.coordinatorlayout:coordinatorlayout:1.1.0] AndroidManifest.xml:17:1-24:12
MERGED from [androidx.vectordrawable:vectordrawable-animated:1.1.0] AndroidManifest.xml:17:1-24:12
MERGED from [androidx.vectordrawable:vectordrawable:1.1.0] AndroidManifest.xml:17:1-24:12
MERGED from [androidx.slidingpanelayout:slidingpanelayout:1.2.0] AndroidManifest.xml:17:1-24:12
MERGED from [androidx.recyclerview:recyclerview:1.1.0] AndroidManifest.xml:17:1-24:12
MERGED from [androidx.viewpager:viewpager:1.0.0] AndroidManifest.xml:17:1-22:12
MERGED from [androidx.customview:customview:1.1.0] AndroidManifest.xml:17:1-24:12
MERGED from [androidx.autofill:autofill:1.0.0] AndroidManifest.xml:17:1-24:12
MERGED from [androidx.transition:transition:1.4.1] AndroidManifest.xml:17:1-24:12
MERGED from [androidx.window:window:1.0.0] AndroidManifest.xml:17:1-33:12
MERGED from [androidx.media:media:1.0.0] AndroidManifest.xml:17:1-22:12
MERGED from [androidx.swiperefreshlayout:swiperefreshlayout:1.0.0] AndroidManifest.xml:17:1-22:12
MERGED from [androidx.asynclayoutinflater:asynclayoutinflater:1.0.0] AndroidManifest.xml:17:1-22:12
MERGED from [androidx.core:core:1.9.0] AndroidManifest.xml:17:1-30:12
MERGED from [androidx.lifecycle:lifecycle-runtime:2.6.2] AndroidManifest.xml:2:1-7:12
MERGED from [androidx.lifecycle:lifecycle-runtime-ktx:2.6.2] AndroidManifest.xml:17:1-22:12
MERGED from [androidx.compose.runtime:runtime-saveable:1.4.0] AndroidManifest.xml:17:1-22:12
MERGED from [androidx.compose.runtime:runtime:1.4.0] AndroidManifest.xml:17:1-22:12
MERGED from [com.google.android.gms:play-services-tasks:18.0.2] AndroidManifest.xml:2:1-6:12
MERGED from [com.google.android.gms:play-services-basement:18.1.0] AndroidManifest.xml:16:1-26:12
MERGED from [androidx.fragment:fragment:1.6.0] AndroidManifest.xml:17:1-22:12
MERGED from [androidx.activity:activity:1.8.0] AndroidManifest.xml:17:1-22:12
MERGED from [androidx.activity:activity-ktx:1.8.0] AndroidManifest.xml:2:1-7:12
MERGED from [androidx.activity:activity-compose:1.8.0] AndroidManifest.xml:2:1-7:12
MERGED from [androidx.compose.ui:ui:1.4.0] AndroidManifest.xml:17:1-22:12
MERGED from [com.google.firebase:firebase-datatransport:18.1.7] AndroidManifest.xml:15:1-33:12
MERGED from [com.google.android.datatransport:transport-backend-cct:3.1.8] AndroidManifest.xml:15:1-37:12
MERGED from [com.google.android.datatransport:transport-runtime:3.1.8] AndroidManifest.xml:15:1-41:12
MERGED from [com.google.firebase:firebase-encoders-json:18.0.0] AndroidManifest.xml:15:1-23:12
MERGED from [androidx.versionedparcelable:versionedparcelable:1.1.1] AndroidManifest.xml:17:1-27:12
MERGED from [androidx.databinding:viewbinding:8.1.2] AndroidManifest.xml:2:1-7:12
MERGED from [androidx.cursoradapter:cursoradapter:1.0.0] AndroidManifest.xml:17:1-22:12
MERGED from [androidx.cardview:cardview:1.0.0] AndroidManifest.xml:17:1-22:12
MERGED from [androidx.arch.core:core-runtime:2.2.0] AndroidManifest.xml:17:1-22:12
MERGED from [androidx.sqlite:sqlite-framework:2.4.0] AndroidManifest.xml:17:1-22:12
MERGED from [androidx.sqlite:sqlite:2.4.0] AndroidManifest.xml:17:1-22:12
MERGED from [androidx.profileinstaller:profileinstaller:1.3.0] AndroidManifest.xml:17:1-55:12
MERGED from [com.google.android.datatransport:transport-api:3.0.0] AndroidManifest.xml:15:1-22:12
MERGED from [androidx.startup:startup-runtime:1.1.1] AndroidManifest.xml:17:1-33:12
MERGED from [androidx.tracing:tracing:1.0.0] AndroidManifest.xml:17:1-24:12
MERGED from [com.google.firebase:firebase-components:17.1.5] AndroidManifest.xml:15:1-20:12
MERGED from [androidx.interpolator:interpolator:1.0.0] AndroidManifest.xml:17:1-22:12
MERGED from [androidx.documentfile:documentfile:1.0.0] AndroidManifest.xml:17:1-22:12
MERGED from [androidx.localbroadcastmanager:localbroadcastmanager:1.0.0] AndroidManifest.xml:17:1-22:12
MERGED from [androidx.print:print:1.0.0] AndroidManifest.xml:17:1-22:12
MERGED from [androidx.annotation:annotation-experimental:1.3.0] AndroidManifest.xml:17:1-22:12
	package
		INJECTED from src\main\AndroidManifest.xml
	android:versionName
		INJECTED from src\main\AndroidManifest.xml
	android:versionCode
		INJECTED from src\main\AndroidManifest.xml
	xmlns:android
		ADDED from src\main\AndroidManifest.xml:2:11-69
uses-permission#android.permission.CAMERA
ADDED from src\main\AndroidManifest.xml:4:2-62
MERGED from [com.journeyapps:zxing-android-embedded:4.1.0] AndroidManifest.xml:22:5-65
MERGED from [com.journeyapps:zxing-android-embedded:4.1.0] AndroidManifest.xml:22:5-65
	android:name
		ADDED from src\main\AndroidManifest.xml:4:19-59
uses-feature#android.hardware.camera
ADDED from src\main\AndroidManifest.xml:5:2-82
MERGED from [com.journeyapps:zxing-android-embedded:4.1.0] AndroidManifest.xml:25:5-27:36
MERGED from [com.journeyapps:zxing-android-embedded:4.1.0] AndroidManifest.xml:25:5-27:36
	android:required
		ADDED from src\main\AndroidManifest.xml:5:55-79
	android:name
		ADDED from src\main\AndroidManifest.xml:5:16-54
uses-permission#android.permission.POST_NOTIFICATIONS
ADDED from src\main\AndroidManifest.xml:8:5-77
MERGED from [com.google.firebase:firebase-messaging:23.3.1] AndroidManifest.xml:23:5-77
MERGED from [com.google.firebase:firebase-messaging:23.3.1] AndroidManifest.xml:23:5-77
	android:name
		ADDED from src\main\AndroidManifest.xml:8:22-74
application
ADDED from src\main\AndroidManifest.xml:9:5-135:16
INJECTED from src\main\AndroidManifest.xml:9:5-135:16
MERGED from [com.google.android.material:material:1.10.0] AndroidManifest.xml:22:5-20
MERGED from [com.google.android.material:material:1.10.0] AndroidManifest.xml:22:5-20
MERGED from [androidx.room:room-runtime:2.6.0] AndroidManifest.xml:23:5-29:19
MERGED from [androidx.room:room-runtime:2.6.0] AndroidManifest.xml:23:5-29:19
MERGED from [com.google.firebase:firebase-messaging:23.3.1] AndroidManifest.xml:28:5-64:19
MERGED from [com.google.firebase:firebase-messaging:23.3.1] AndroidManifest.xml:28:5-64:19
MERGED from [com.google.firebase:firebase-analytics:21.5.0] AndroidManifest.xml:7:5-20
MERGED from [com.google.firebase:firebase-analytics:21.5.0] AndroidManifest.xml:7:5-20
MERGED from [com.google.android.gms:play-services-measurement-api:21.5.0] AndroidManifest.xml:29:5-41:19
MERGED from [com.google.android.gms:play-services-measurement-api:21.5.0] AndroidManifest.xml:29:5-41:19
MERGED from [com.google.firebase:firebase-installations:17.2.0] AndroidManifest.xml:11:5-22:19
MERGED from [com.google.firebase:firebase-installations:17.2.0] AndroidManifest.xml:11:5-22:19
MERGED from [com.google.firebase:firebase-common-ktx:20.4.2] AndroidManifest.xml:8:5-16:19
MERGED from [com.google.firebase:firebase-common-ktx:20.4.2] AndroidManifest.xml:8:5-16:19
MERGED from [androidx.compose.ui:ui-test-manifest:1.4.0] AndroidManifest.xml:22:5-26:19
MERGED from [androidx.compose.ui:ui-test-manifest:1.4.0] AndroidManifest.xml:22:5-26:19
MERGED from [androidx.compose.ui:ui-tooling:1.4.0] AndroidManifest.xml:22:5-26:19
MERGED from [androidx.compose.ui:ui-tooling:1.4.0] AndroidManifest.xml:22:5-26:19
MERGED from [androidx.constraintlayout:constraintlayout:2.1.4] AndroidManifest.xml:9:5-20
MERGED from [androidx.constraintlayout:constraintlayout:2.1.4] AndroidManifest.xml:9:5-20
MERGED from [com.journeyapps:zxing-android-embedded:4.1.0] AndroidManifest.xml:46:5-54:19
MERGED from [com.journeyapps:zxing-android-embedded:4.1.0] AndroidManifest.xml:46:5-54:19
MERGED from [com.google.android.gms:play-services-measurement:21.5.0] AndroidManifest.xml:28:5-44:19
MERGED from [com.google.android.gms:play-services-measurement:21.5.0] AndroidManifest.xml:28:5-44:19
MERGED from [com.google.android.gms:play-services-measurement-sdk:21.5.0] AndroidManifest.xml:22:5-23:19
MERGED from [com.google.android.gms:play-services-measurement-sdk:21.5.0] AndroidManifest.xml:22:5-23:19
MERGED from [com.google.firebase:firebase-iid-interop:17.1.0] AndroidManifest.xml:7:5-8:19
MERGED from [com.google.firebase:firebase-iid-interop:17.1.0] AndroidManifest.xml:7:5-8:19
MERGED from [com.google.android.gms:play-services-base:18.0.1] AndroidManifest.xml:19:5-23:19
MERGED from [com.google.android.gms:play-services-base:18.0.1] AndroidManifest.xml:19:5-23:19
MERGED from [com.google.android.gms:play-services-measurement-impl:21.5.0] AndroidManifest.xml:29:5-30:19
MERGED from [com.google.android.gms:play-services-measurement-impl:21.5.0] AndroidManifest.xml:29:5-30:19
MERGED from [com.google.android.gms:play-services-stats:17.0.2] AndroidManifest.xml:7:5-20
MERGED from [com.google.android.gms:play-services-stats:17.0.2] AndroidManifest.xml:7:5-20
MERGED from [com.google.firebase:firebase-measurement-connector:19.0.0] AndroidManifest.xml:22:5-23:19
MERGED from [com.google.firebase:firebase-measurement-connector:19.0.0] AndroidManifest.xml:22:5-23:19
MERGED from [com.google.firebase:firebase-common:20.4.2] AndroidManifest.xml:22:5-39:19
MERGED from [com.google.firebase:firebase-common:20.4.2] AndroidManifest.xml:22:5-39:19
MERGED from [com.google.android.gms:play-services-ads-identifier:18.0.0] AndroidManifest.xml:25:5-20
MERGED from [com.google.android.gms:play-services-ads-identifier:18.0.0] AndroidManifest.xml:25:5-20
MERGED from [com.google.android.gms:play-services-measurement-base:21.5.0] AndroidManifest.xml:7:5-20
MERGED from [com.google.android.gms:play-services-measurement-base:21.5.0] AndroidManifest.xml:7:5-20
MERGED from [androidx.emoji2:emoji2:1.3.0] AndroidManifest.xml:23:5-33:19
MERGED from [androidx.emoji2:emoji2:1.3.0] AndroidManifest.xml:23:5-33:19
MERGED from [androidx.lifecycle:lifecycle-process:2.6.2] AndroidManifest.xml:23:5-33:19
MERGED from [androidx.lifecycle:lifecycle-process:2.6.2] AndroidManifest.xml:23:5-33:19
MERGED from [androidx.privacysandbox.ads:ads-adservices:1.0.0-beta05] AndroidManifest.xml:22:5-26:19
MERGED from [androidx.privacysandbox.ads:ads-adservices:1.0.0-beta05] AndroidManifest.xml:22:5-26:19
MERGED from [androidx.window:window:1.0.0] AndroidManifest.xml:24:5-31:19
MERGED from [androidx.window:window:1.0.0] AndroidManifest.xml:24:5-31:19
MERGED from [androidx.core:core:1.9.0] AndroidManifest.xml:28:5-89
MERGED from [androidx.core:core:1.9.0] AndroidManifest.xml:28:5-89
MERGED from [com.google.android.gms:play-services-tasks:18.0.2] AndroidManifest.xml:5:5-20
MERGED from [com.google.android.gms:play-services-tasks:18.0.2] AndroidManifest.xml:5:5-20
MERGED from [com.google.android.gms:play-services-basement:18.1.0] AndroidManifest.xml:20:5-24:19
MERGED from [com.google.android.gms:play-services-basement:18.1.0] AndroidManifest.xml:20:5-24:19
MERGED from [com.google.firebase:firebase-datatransport:18.1.7] AndroidManifest.xml:23:5-31:19
MERGED from [com.google.firebase:firebase-datatransport:18.1.7] AndroidManifest.xml:23:5-31:19
MERGED from [com.google.android.datatransport:transport-backend-cct:3.1.8] AndroidManifest.xml:27:5-35:19
MERGED from [com.google.android.datatransport:transport-backend-cct:3.1.8] AndroidManifest.xml:27:5-35:19
MERGED from [com.google.android.datatransport:transport-runtime:3.1.8] AndroidManifest.xml:25:5-39:19
MERGED from [com.google.android.datatransport:transport-runtime:3.1.8] AndroidManifest.xml:25:5-39:19
MERGED from [androidx.versionedparcelable:versionedparcelable:1.1.1] AndroidManifest.xml:24:5-25:19
MERGED from [androidx.versionedparcelable:versionedparcelable:1.1.1] AndroidManifest.xml:24:5-25:19
MERGED from [androidx.profileinstaller:profileinstaller:1.3.0] AndroidManifest.xml:23:5-53:19
MERGED from [androidx.profileinstaller:profileinstaller:1.3.0] AndroidManifest.xml:23:5-53:19
MERGED from [androidx.startup:startup-runtime:1.1.1] AndroidManifest.xml:25:5-31:19
MERGED from [androidx.startup:startup-runtime:1.1.1] AndroidManifest.xml:25:5-31:19
	android:extractNativeLibs
		INJECTED from src\main\AndroidManifest.xml
	android:appComponentFactory
		ADDED from [androidx.core:core:1.9.0] AndroidManifest.xml:28:18-86
	android:label
		ADDED from src\main\AndroidManifest.xml:13:3-35
	android:allowBackup
		ADDED from src\main\AndroidManifest.xml:11:3-29
	android:theme
		ADDED from src\main\AndroidManifest.xml:12:3-34
	android:networkSecurityConfig
		ADDED from src\main\AndroidManifest.xml:10:3-63
activity#org.techtown.a1023_food_guard.main_menu_activity
ADDED from src\main\AndroidManifest.xml:14:3-24:14
	android:label
		ADDED from src\main\AndroidManifest.xml:17:3-35
	android:exported
		ADDED from src\main\AndroidManifest.xml:19:3-26
	android:configChanges
		ADDED from src\main\AndroidManifest.xml:16:3-64
	android:theme
		ADDED from src\main\AndroidManifest.xml:18:4-60
	android:name
		ADDED from src\main\AndroidManifest.xml:15:3-37
intent-filter#action:name:android.intent.action.MAIN+category:name:android.intent.category.LAUNCHER
ADDED from src\main\AndroidManifest.xml:20:4-23:20
action#android.intent.action.MAIN
ADDED from src\main\AndroidManifest.xml:21:5-57
	android:name
		ADDED from src\main\AndroidManifest.xml:21:13-54
category#android.intent.category.LAUNCHER
ADDED from src\main\AndroidManifest.xml:22:5-65
	android:name
		ADDED from src\main\AndroidManifest.xml:22:15-62
activity#org.techtown.a1023_food_guard.cold_storage_activity
ADDED from src\main\AndroidManifest.xml:25:3-35:14
	android:label
		ADDED from src\main\AndroidManifest.xml:29:4-36
	android:exported
		ADDED from src\main\AndroidManifest.xml:30:4-27
	android:configChanges
		ADDED from src\main\AndroidManifest.xml:28:4-65
	android:theme
		ADDED from src\main\AndroidManifest.xml:27:4-60
	android:name
		ADDED from src\main\AndroidManifest.xml:26:4-41
activity#org.techtown.a1023_food_guard.freezer_activity
ADDED from src\main\AndroidManifest.xml:36:3-46:14
	android:label
		ADDED from src\main\AndroidManifest.xml:40:4-36
	android:exported
		ADDED from src\main\AndroidManifest.xml:41:4-27
	android:configChanges
		ADDED from src\main\AndroidManifest.xml:39:4-65
	android:theme
		ADDED from src\main\AndroidManifest.xml:38:4-60
	android:name
		ADDED from src\main\AndroidManifest.xml:37:4-36
activity#org.techtown.a1023_food_guard.table_activity
ADDED from src\main\AndroidManifest.xml:47:3-57:14
	android:label
		ADDED from src\main\AndroidManifest.xml:51:4-36
	android:exported
		ADDED from src\main\AndroidManifest.xml:52:4-27
	android:configChanges
		ADDED from src\main\AndroidManifest.xml:50:4-65
	android:theme
		ADDED from src\main\AndroidManifest.xml:49:4-60
	android:name
		ADDED from src\main\AndroidManifest.xml:48:4-34
activity#org.techtown.a1023_food_guard.veget_activity
ADDED from src\main\AndroidManifest.xml:58:3-68:14
	android:label
		ADDED from src\main\AndroidManifest.xml:62:4-36
	android:exported
		ADDED from src\main\AndroidManifest.xml:63:4-27
	android:configChanges
		ADDED from src\main\AndroidManifest.xml:61:4-65
	android:theme
		ADDED from src\main\AndroidManifest.xml:60:4-60
	android:name
		ADDED from src\main\AndroidManifest.xml:59:4-34
activity#org.techtown.a1023_food_guard.today_nutri_activity
ADDED from src\main\AndroidManifest.xml:69:3-79:14
	android:label
		ADDED from src\main\AndroidManifest.xml:73:4-36
	android:exported
		ADDED from src\main\AndroidManifest.xml:74:4-27
	android:configChanges
		ADDED from src\main\AndroidManifest.xml:72:4-65
	android:theme
		ADDED from src\main\AndroidManifest.xml:71:4-60
	android:name
		ADDED from src\main\AndroidManifest.xml:70:4-40
activity#org.techtown.a1023_food_guard.overlay_add_product_activity
ADDED from src\main\AndroidManifest.xml:80:3-91:14
	android:label
		ADDED from src\main\AndroidManifest.xml:85:4-36
	android:windowSoftInputMode
		ADDED from src\main\AndroidManifest.xml:84:4-45
	android:exported
		ADDED from src\main\AndroidManifest.xml:86:4-27
	android:configChanges
		ADDED from src\main\AndroidManifest.xml:83:4-65
	android:theme
		ADDED from src\main\AndroidManifest.xml:82:4-60
	android:name
		ADDED from src\main\AndroidManifest.xml:81:4-48
activity#org.techtown.a1023_food_guard.overlay_add_product_search_name_activity
ADDED from src\main\AndroidManifest.xml:92:3-102:14
	android:label
		ADDED from src\main\AndroidManifest.xml:96:4-36
	android:windowSoftInputMode
		ADDED from src\main\AndroidManifest.xml:95:4-45
	android:exported
		ADDED from src\main\AndroidManifest.xml:97:4-27
	android:configChanges
		ADDED from src\main\AndroidManifest.xml:94:4-65
	android:name
		ADDED from src\main\AndroidManifest.xml:93:4-60
activity#org.techtown.a1023_food_guard.overlay_add_product_insert_nutri_activity
ADDED from src\main\AndroidManifest.xml:103:3-113:14
	android:label
		ADDED from src\main\AndroidManifest.xml:107:4-36
	android:windowSoftInputMode
		ADDED from src\main\AndroidManifest.xml:106:4-45
	android:exported
		ADDED from src\main\AndroidManifest.xml:108:4-27
	android:configChanges
		ADDED from src\main\AndroidManifest.xml:105:4-65
	android:name
		ADDED from src\main\AndroidManifest.xml:104:4-61
activity#org.techtown.a1023_food_guard.testfragment
ADDED from src\main\AndroidManifest.xml:114:3-124:14
	android:label
		ADDED from src\main\AndroidManifest.xml:118:4-36
	android:windowSoftInputMode
		ADDED from src\main\AndroidManifest.xml:117:4-45
	android:exported
		ADDED from src\main\AndroidManifest.xml:119:4-27
	android:configChanges
		ADDED from src\main\AndroidManifest.xml:116:4-65
	android:name
		ADDED from src\main\AndroidManifest.xml:115:4-32
activity#org.techtown.a1023_food_guard.CaptureActivityPortrait
ADDED from src\main\AndroidManifest.xml:125:3-127:54
	android:screenOrientation
		ADDED from src\main\AndroidManifest.xml:126:4-40
	android:windowSoftInputMode
		ADDED from src\main\AndroidManifest.xml:127:4-51
	android:name
		ADDED from src\main\AndroidManifest.xml:125:13-52
service#org.techtown.a1023_food_guard.MyFireBaseMessagingService
ADDED from src\main\AndroidManifest.xml:128:3-133:13
	android:exported
		ADDED from src\main\AndroidManifest.xml:129:4-28
	android:name
		ADDED from src\main\AndroidManifest.xml:128:12-54
intent-filter#action:name:com.google.firebase.MESSAGING_EVENT
ADDED from src\main\AndroidManifest.xml:130:4-132:20
action#com.google.firebase.MESSAGING_EVENT
ADDED from src\main\AndroidManifest.xml:131:5-66
	android:name
		ADDED from src\main\AndroidManifest.xml:131:13-63
uses-sdk
INJECTED from src\main\AndroidManifest.xml reason: use-sdk injection requested
INJECTED from src\main\AndroidManifest.xml
INJECTED from src\main\AndroidManifest.xml
MERGED from [androidx.databinding:databinding-adapters:8.1.2] AndroidManifest.xml:5:5-44
MERGED from [androidx.databinding:databinding-adapters:8.1.2] AndroidManifest.xml:5:5-44
MERGED from [androidx.databinding:databinding-ktx:8.1.2] AndroidManifest.xml:5:5-44
MERGED from [androidx.databinding:databinding-ktx:8.1.2] AndroidManifest.xml:5:5-44
MERGED from [androidx.databinding:databinding-runtime:8.1.2] AndroidManifest.xml:5:5-44
MERGED from [androidx.databinding:databinding-runtime:8.1.2] AndroidManifest.xml:5:5-44
MERGED from [androidx.navigation:navigation-common:2.7.4] AndroidManifest.xml:20:5-44
MERGED from [androidx.navigation:navigation-common:2.7.4] AndroidManifest.xml:20:5-44
MERGED from [androidx.navigation:navigation-fragment:2.7.4] AndroidManifest.xml:20:5-44
MERGED from [androidx.navigation:navigation-fragment:2.7.4] AndroidManifest.xml:20:5-44
MERGED from [androidx.navigation:navigation-runtime:2.7.4] AndroidManifest.xml:20:5-44
MERGED from [androidx.navigation:navigation-runtime:2.7.4] AndroidManifest.xml:20:5-44
MERGED from [androidx.navigation:navigation-ui:2.7.4] AndroidManifest.xml:20:5-44
MERGED from [androidx.navigation:navigation-ui:2.7.4] AndroidManifest.xml:20:5-44
MERGED from [com.google.android.material:material:1.10.0] AndroidManifest.xml:20:5-44
MERGED from [com.google.android.material:material:1.10.0] AndroidManifest.xml:20:5-44
MERGED from [androidx.room:room-runtime:2.6.0] AndroidManifest.xml:21:5-44
MERGED from [androidx.room:room-runtime:2.6.0] AndroidManifest.xml:21:5-44
MERGED from [com.google.firebase:firebase-messaging:23.3.1] AndroidManifest.xml:20:5-44
MERGED from [com.google.firebase:firebase-messaging:23.3.1] AndroidManifest.xml:20:5-44
MERGED from [com.google.firebase:firebase-analytics:21.5.0] AndroidManifest.xml:5:5-44
MERGED from [com.google.firebase:firebase-analytics:21.5.0] AndroidManifest.xml:5:5-44
MERGED from [com.google.android.gms:play-services-measurement-api:21.5.0] AndroidManifest.xml:20:5-44
MERGED from [com.google.android.gms:play-services-measurement-api:21.5.0] AndroidManifest.xml:20:5-44
MERGED from [com.google.firebase:firebase-installations:17.2.0] AndroidManifest.xml:5:5-44
MERGED from [com.google.firebase:firebase-installations:17.2.0] AndroidManifest.xml:5:5-44
MERGED from [com.google.firebase:firebase-common-ktx:20.4.2] AndroidManifest.xml:5:5-44
MERGED from [com.google.firebase:firebase-common-ktx:20.4.2] AndroidManifest.xml:5:5-44
MERGED from [androidx.compose.material3:material3:1.0.0] AndroidManifest.xml:20:5-44
MERGED from [androidx.compose.material3:material3:1.0.0] AndroidManifest.xml:20:5-44
MERGED from [androidx.compose.material:material-ripple:1.4.0] AndroidManifest.xml:20:5-44
MERGED from [androidx.compose.material:material-ripple:1.4.0] AndroidManifest.xml:20:5-44
MERGED from [androidx.compose.material:material-icons-core:1.4.0] AndroidManifest.xml:20:5-44
MERGED from [androidx.compose.material:material-icons-core:1.4.0] AndroidManifest.xml:20:5-44
MERGED from [androidx.compose.material:material:1.4.0] AndroidManifest.xml:20:5-44
MERGED from [androidx.compose.material:material:1.4.0] AndroidManifest.xml:20:5-44
MERGED from [androidx.compose.animation:animation-core:1.4.0] AndroidManifest.xml:20:5-44
MERGED from [androidx.compose.animation:animation-core:1.4.0] AndroidManifest.xml:20:5-44
MERGED from [androidx.compose.animation:animation:1.4.0] AndroidManifest.xml:20:5-44
MERGED from [androidx.compose.animation:animation:1.4.0] AndroidManifest.xml:20:5-44
MERGED from [androidx.compose.foundation:foundation-layout:1.4.0] AndroidManifest.xml:20:5-44
MERGED from [androidx.compose.foundation:foundation-layout:1.4.0] AndroidManifest.xml:20:5-44
MERGED from [androidx.compose.foundation:foundation:1.4.0] AndroidManifest.xml:20:5-44
MERGED from [androidx.compose.foundation:foundation:1.4.0] AndroidManifest.xml:20:5-44
MERGED from [androidx.compose.ui:ui-tooling-data:1.4.0] AndroidManifest.xml:20:5-44
MERGED from [androidx.compose.ui:ui-tooling-data:1.4.0] AndroidManifest.xml:20:5-44
MERGED from [androidx.compose.ui:ui-unit:1.4.0] AndroidManifest.xml:20:5-44
MERGED from [androidx.compose.ui:ui-unit:1.4.0] AndroidManifest.xml:20:5-44
MERGED from [androidx.compose.ui:ui-geometry:1.4.0] AndroidManifest.xml:20:5-44
MERGED from [androidx.compose.ui:ui-geometry:1.4.0] AndroidManifest.xml:20:5-44
MERGED from [androidx.compose.ui:ui-util:1.4.0] AndroidManifest.xml:20:5-44
MERGED from [androidx.compose.ui:ui-util:1.4.0] AndroidManifest.xml:20:5-44
MERGED from [androidx.compose.ui:ui-text:1.4.0] AndroidManifest.xml:20:5-44
MERGED from [androidx.compose.ui:ui-text:1.4.0] AndroidManifest.xml:20:5-44
MERGED from [androidx.compose.ui:ui-tooling-preview:1.4.0] AndroidManifest.xml:20:5-44
MERGED from [androidx.compose.ui:ui-tooling-preview:1.4.0] AndroidManifest.xml:20:5-44
MERGED from [androidx.compose.ui:ui-test-manifest:1.4.0] AndroidManifest.xml:20:5-44